==2839== Memcheck, a memory error detector
==2839== Copyright (C) 2002-2013, and GNU GPL'd, by Julian Seward et al.
==2839== Using Valgrind-3.10.0.SVN and LibVEX; rerun with -h for copyright info
==2839== Command: ./Awladder.out 34words.txt
==2839== Parent PID: 2456
==2839== 
==2839== Invalid free() / delete / delete[] / realloc()
==2839==    at 0x4C2BDEC: free (in /usr/lib/valgrind/vgpreload_memcheck-amd64-linux.so)
==2839==    by 0x40106F: checkStep (wordladder.c:117)
==2839==    by 0x40104E: checkStep (wordladder.c:111)
==2839==    by 0x40104E: checkStep (wordladder.c:111)
==2839==    by 0x40104E: checkStep (wordladder.c:111)
==2839==    by 0x40104E: checkStep (wordladder.c:111)
==2839==    by 0x40104E: checkStep (wordladder.c:111)
==2839==    by 0x40104E: checkStep (wordladder.c:111)
==2839==    by 0x40104E: checkStep (wordladder.c:111)
==2839==    by 0x40104E: checkStep (wordladder.c:111)
==2839==    by 0x40104E: checkStep (wordladder.c:111)
==2839==    by 0x40104E: checkStep (wordladder.c:111)
==2839==  Address 0x51fc9a0 is 0 bytes inside a block of size 16 free'd
==2839==    at 0x4C2BDEC: free (in /usr/lib/valgrind/vgpreload_memcheck-amd64-linux.so)
==2839==    by 0x40106F: checkStep (wordladder.c:117)
==2839==    by 0x40104E: checkStep (wordladder.c:111)
==2839==    by 0x40104E: checkStep (wordladder.c:111)
==2839==    by 0x40104E: checkStep (wordladder.c:111)
==2839==    by 0x40104E: checkStep (wordladder.c:111)
==2839==    by 0x40104E: checkStep (wordladder.c:111)
==2839==    by 0x40104E: checkStep (wordladder.c:111)
==2839==    by 0x40104E: checkStep (wordladder.c:111)
==2839==    by 0x40104E: checkStep (wordladder.c:111)
==2839==    by 0x40104E: checkStep (wordladder.c:111)
==2839==    by 0x40104E: checkStep (wordladder.c:111)
==2839== 
==2839== Invalid free() / delete / delete[] / realloc()
==2839==    at 0x4C2BDEC: free (in /usr/lib/valgrind/vgpreload_memcheck-amd64-linux.so)
==2839==    by 0x40106F: checkStep (wordladder.c:117)
==2839==    by 0x40104E: checkStep (wordladder.c:111)
==2839==    by 0x400D03: main (wordladder.c:78)
==2839==  Address 0x51fc3b0 is 0 bytes inside a block of size 16 free'd
==2839==    at 0x4C2BDEC: free (in /usr/lib/valgrind/vgpreload_memcheck-amd64-linux.so)
==2839==    by 0x40106F: checkStep (wordladder.c:117)
==2839==    by 0x40104E: checkStep (wordladder.c:111)
==2839==    by 0x400D03: main (wordladder.c:78)
==2839== 
==2839== Invalid free() / delete / delete[] / realloc()
==2839==    at 0x4C2BDEC: free (in /usr/lib/valgrind/vgpreload_memcheck-amd64-linux.so)
==2839==    by 0x40106F: checkStep (wordladder.c:117)
==2839==    by 0x400D03: main (wordladder.c:78)
==2839==  Address 0x51fc360 is 0 bytes inside a block of size 16 free'd
==2839==    at 0x4C2BDEC: free (in /usr/lib/valgrind/vgpreload_memcheck-amd64-linux.so)
==2839==    by 0x40106F: checkStep (wordladder.c:117)
==2839==    by 0x400D03: main (wordladder.c:78)
==2839== 
==2839== 
==2839== More than 10000000 total errors detected.  I'm not reporting any more.
==2839== Final error counts will be inaccurate.  Go fix your program!
==2839== Rerun with --error-limit=no to disable this cutoff.  Note
==2839== that errors may occur in your program without prior warning from
==2839== Valgrind, because errors are no longer being displayed.
==2839== 
==2839== 
==2839== HEAP SUMMARY:
==2839==     in use at exit: 33,554,448 bytes in 2,097,153 blocks
==2839==   total heap usage: 4,194,305 allocs, 12,652,115 frees, 67,109,432 bytes allocated
==2839== 
==2839== LEAK SUMMARY:
==2839==    definitely lost: 16,777,216 bytes in 1,048,576 blocks
==2839==    indirectly lost: 16,777,232 bytes in 1,048,577 blocks
==2839==      possibly lost: 0 bytes in 0 blocks
==2839==    still reachable: 0 bytes in 0 blocks
==2839==         suppressed: 0 bytes in 0 blocks
==2839== Rerun with --leak-check=full to see details of leaked memory
==2839== 
==2839== For counts of detected and suppressed errors, rerun with: -v
==2839== ERROR SUMMARY: 10000000 errors from 3 contexts (suppressed: 0 from 0)
