==3708== Memcheck, a memory error detector
==3708== Copyright (C) 2002-2013, and GNU GPL'd, by Julian Seward et al.
==3708== Using Valgrind-3.10.0.SVN and LibVEX; rerun with -h for copyright info
==3708== Command: ./Awladder.out 34words.txt
==3708== Parent PID: 2456
==3708== 
==3708== Invalid read of size 8
==3708==    at 0x4010FD: checkStep (wordladder.c:125)
==3708==    by 0x400D03: main (wordladder.c:79)
==3708==  Address 0x51fc330 is 16 bytes inside a block of size 24 free'd
==3708==    at 0x4C2BDEC: free (in /usr/lib/valgrind/vgpreload_memcheck-amd64-linux.so)
==3708==    by 0x4010D9: checkStep (wordladder.c:126)
==3708==    by 0x4010B7: checkStep (wordladder.c:120)
==3708==    by 0x400D03: main (wordladder.c:79)
==3708== 
==3708== Invalid read of size 8
==3708==    at 0x4010CF: checkStep (wordladder.c:126)
==3708==    by 0x400D03: main (wordladder.c:79)
==3708==  Address 0x51fc320 is 0 bytes inside a block of size 24 free'd
==3708==    at 0x4C2BDEC: free (in /usr/lib/valgrind/vgpreload_memcheck-amd64-linux.so)
==3708==    by 0x4010D9: checkStep (wordladder.c:126)
==3708==    by 0x4010B7: checkStep (wordladder.c:120)
==3708==    by 0x400D03: main (wordladder.c:79)
==3708== 
==3708== Invalid read of size 8
==3708==    at 0x4010E1: checkStep (wordladder.c:127)
==3708==    by 0x400D03: main (wordladder.c:79)
==3708==  Address 0x51fc330 is 16 bytes inside a block of size 24 free'd
==3708==    at 0x4C2BDEC: free (in /usr/lib/valgrind/vgpreload_memcheck-amd64-linux.so)
==3708==    by 0x4010D9: checkStep (wordladder.c:126)
==3708==    by 0x4010B7: checkStep (wordladder.c:120)
==3708==    by 0x400D03: main (wordladder.c:79)
==3708== 
==3708== Invalid free() / delete / delete[] / realloc()
==3708==    at 0x4C2BDEC: free (in /usr/lib/valgrind/vgpreload_memcheck-amd64-linux.so)
==3708==    by 0x4010D9: checkStep (wordladder.c:126)
==3708==    by 0x400D03: main (wordladder.c:79)
==3708==  Address 0x51fc320 is 0 bytes inside a block of size 24 free'd
==3708==    at 0x4C2BDEC: free (in /usr/lib/valgrind/vgpreload_memcheck-amd64-linux.so)
==3708==    by 0x4010D9: checkStep (wordladder.c:126)
==3708==    by 0x4010B7: checkStep (wordladder.c:120)
==3708==    by 0x400D03: main (wordladder.c:79)
==3708== 
==3708== Invalid read of size 1
==3708==    at 0x4E82A03: vfprintf (vfprintf.c:1661)
==3708==    by 0x4E8B498: printf (printf.c:33)
==3708==    by 0x4011EF: PrintList (wordladder.c:151)
==3708==    by 0x400D31: main (wordladder.c:81)
==3708==  Address 0x51fc2c8 is 8 bytes inside a block of size 24 free'd
==3708==    at 0x4C2BDEC: free (in /usr/lib/valgrind/vgpreload_memcheck-amd64-linux.so)
==3708==    by 0x4010D9: checkStep (wordladder.c:126)
==3708==    by 0x400D03: main (wordladder.c:79)
==3708== 
==3708== Invalid read of size 1
==3708==    at 0x4EB0709: _IO_file_xsputn@@GLIBC_2.2.5 (fileops.c:1302)
==3708==    by 0x4E829C4: vfprintf (vfprintf.c:1661)
==3708==    by 0x4E8B498: printf (printf.c:33)
==3708==    by 0x4011EF: PrintList (wordladder.c:151)
==3708==    by 0x400D31: main (wordladder.c:81)
==3708==  Address 0x51fc2ca is 10 bytes inside a block of size 24 free'd
==3708==    at 0x4C2BDEC: free (in /usr/lib/valgrind/vgpreload_memcheck-amd64-linux.so)
==3708==    by 0x4010D9: checkStep (wordladder.c:126)
==3708==    by 0x400D03: main (wordladder.c:79)
==3708== 
==3708== Invalid read of size 1
==3708==    at 0x4EB071C: _IO_file_xsputn@@GLIBC_2.2.5 (fileops.c:1302)
==3708==    by 0x4E829C4: vfprintf (vfprintf.c:1661)
==3708==    by 0x4E8B498: printf (printf.c:33)
==3708==    by 0x4011EF: PrintList (wordladder.c:151)
==3708==    by 0x400D31: main (wordladder.c:81)
==3708==  Address 0x51fc2c9 is 9 bytes inside a block of size 24 free'd
==3708==    at 0x4C2BDEC: free (in /usr/lib/valgrind/vgpreload_memcheck-amd64-linux.so)
==3708==    by 0x4010D9: checkStep (wordladder.c:126)
==3708==    by 0x400D03: main (wordladder.c:79)
==3708== 
==3708== Invalid read of size 1
==3708==    at 0x4EC371B: __GI_mempcpy (memcpy.S:71)
==3708==    by 0x4EB064C: _IO_file_xsputn@@GLIBC_2.2.5 (fileops.c:1320)
==3708==    by 0x4E829C4: vfprintf (vfprintf.c:1661)
==3708==    by 0x4E8B498: printf (printf.c:33)
==3708==    by 0x4011EF: PrintList (wordladder.c:151)
==3708==    by 0x400D31: main (wordladder.c:81)
==3708==  Address 0x51fc2c8 is 8 bytes inside a block of size 24 free'd
==3708==    at 0x4C2BDEC: free (in /usr/lib/valgrind/vgpreload_memcheck-amd64-linux.so)
==3708==    by 0x4010D9: checkStep (wordladder.c:126)
==3708==    by 0x400D03: main (wordladder.c:79)
==3708== 
==3708== Invalid read of size 2
==3708==    at 0x4EC372B: __GI_mempcpy (memcpy.S:83)
==3708==    by 0x4EB064C: _IO_file_xsputn@@GLIBC_2.2.5 (fileops.c:1320)
==3708==    by 0x4E829C4: vfprintf (vfprintf.c:1661)
==3708==    by 0x4E8B498: printf (printf.c:33)
==3708==    by 0x4011EF: PrintList (wordladder.c:151)
==3708==    by 0x400D31: main (wordladder.c:81)
==3708==  Address 0x51fc2c9 is 9 bytes inside a block of size 24 free'd
==3708==    at 0x4C2BDEC: free (in /usr/lib/valgrind/vgpreload_memcheck-amd64-linux.so)
==3708==    by 0x4010D9: checkStep (wordladder.c:126)
==3708==    by 0x400D03: main (wordladder.c:79)
==3708== 
==3708== Invalid read of size 8
==3708==    at 0x4011F4: PrintList (wordladder.c:152)
==3708==    by 0x400D31: main (wordladder.c:81)
==3708==  Address 0x51fc2d0 is 16 bytes inside a block of size 24 free'd
==3708==    at 0x4C2BDEC: free (in /usr/lib/valgrind/vgpreload_memcheck-amd64-linux.so)
==3708==    by 0x4010D9: checkStep (wordladder.c:126)
==3708==    by 0x400D03: main (wordladder.c:79)
==3708== 
==3708== Invalid read of size 8
==3708==    at 0x400D6B: main (wordladder.c:82)
==3708==  Address 0x51fc2d0 is 16 bytes inside a block of size 24 free'd
==3708==    at 0x4C2BDEC: free (in /usr/lib/valgrind/vgpreload_memcheck-amd64-linux.so)
==3708==    by 0x4010D9: checkStep (wordladder.c:126)
==3708==    by 0x400D03: main (wordladder.c:79)
==3708== 
==3708== Invalid free() / delete / delete[] / realloc()
==3708==    at 0x4C2BDEC: free (in /usr/lib/valgrind/vgpreload_memcheck-amd64-linux.so)
==3708==    by 0x400D42: main (wordladder.c:83)
==3708==  Address 0x51fc2c0 is 0 bytes inside a block of size 24 free'd
==3708==    at 0x4C2BDEC: free (in /usr/lib/valgrind/vgpreload_memcheck-amd64-linux.so)
==3708==    by 0x4010D9: checkStep (wordladder.c:126)
==3708==    by 0x400D03: main (wordladder.c:79)
==3708== 
==3708== Invalid read of size 8
==3708==    at 0x400D4A: main (wordladder.c:84)
==3708==  Address 0x51fc2d0 is 16 bytes inside a block of size 24 free'd
==3708==    at 0x4C2BDEC: free (in /usr/lib/valgrind/vgpreload_memcheck-amd64-linux.so)
==3708==    by 0x4010D9: checkStep (wordladder.c:126)
==3708==    by 0x400D03: main (wordladder.c:79)
==3708== 
==3708== 
==3708== HEAP SUMMARY:
==3708==     in use at exit: 24 bytes in 1 blocks
==3708==   total heap usage: 9 allocs, 13 frees, 760 bytes allocated
==3708== 
==3708== 24 bytes in 1 blocks are definitely lost in loss record 1 of 1
==3708==    at 0x4C2AB80: malloc (in /usr/lib/valgrind/vgpreload_memcheck-amd64-linux.so)
==3708==    by 0x400DB6: AllocateNode (wordladder.c:95)
==3708==    by 0x400F06: checkStep (wordladder.c:116)
==3708==    by 0x400D03: main (wordladder.c:79)
==3708== 
==3708== LEAK SUMMARY:
==3708==    definitely lost: 24 bytes in 1 blocks
==3708==    indirectly lost: 0 bytes in 0 blocks
==3708==      possibly lost: 0 bytes in 0 blocks
==3708==    still reachable: 0 bytes in 0 blocks
==3708==         suppressed: 0 bytes in 0 blocks
==3708== 
==3708== For counts of detected and suppressed errors, rerun with: -v
==3708== ERROR SUMMARY: 60 errors from 14 contexts (suppressed: 0 from 0)
